<?xml version="1.0" encoding="UTF-8"?>
<!-- Generated by org.testng.reporters.JUnitXMLReporter -->
<testsuite ignored="0" hostname="DESKTOP-D716IJ6" failures="0" tests="6" name="Test" time="63.651" errors="0" timestamp="2023-02-14T12:41:10 IST">
  <testcase classname="edu.TestScripts.CreateOrganization" name="createOrg" time="6.106"/>
  <testcase classname="edu.TestScripts.ChooseIndustryInCreateOrgnaization2" name="ChooseIndustryInCreateOrg" time="6.163"/>
  <testcase classname="edu.TestScripts.CreateContact" name="createContact" time="5.92"/>
  <testcase classname="edu.TestScripts.AddContactToExisitingOrganaization" name="AddContact" time="6.867"/>
  <testcase classname="edu.TestScripts.CreateLeads" name="leadCreation" time="8.635"/>
  <testcase classname="edu.TestScripts.CreateEvent" name="EventCreation" time="3.337"/>
</testsuite> <!-- Test -->
