<?xml version="1.0" encoding="UTF-8"?>
<!-- Generated by org.testng.reporters.JUnitXMLReporter -->
<testsuite ignored="0" hostname="DESKTOP-D716IJ6" failures="1" tests="5" name="Test" time="0.097" errors="0" timestamp="2023-01-28T18:20:27 IST">
  <testcase classname="IAnnotationTransformer.Test1" name="test1" time="0.013">
    <skipped/>
  </testcase> <!-- test1 -->
  <testcase classname="IAnnotationTransformer.Test1" name="test1" time="0.002">
    <skipped/>
  </testcase> <!-- test1 -->
  <testcase classname="IAnnotationTransformer.Test1" name="test1" time="0.001">
    <skipped/>
  </testcase> <!-- test1 -->
  <testcase classname="IAnnotationTransformer.Test1" name="test1" time="0.001">
    <failure type="java.lang.AssertionError" message="null">
      <![CDATA[java.lang.AssertionError: null
at IAnnotationTransformer.Test1.test1(Test1.java:13)
at java.base/java.util.ArrayList.forEach(ArrayList.java:1541)
... Removed 29 stack frames]]>
    </failure>
  </testcase> <!-- test1 -->
  <testcase classname="IAnnotationTransformer.Test2" name="test2" time="0.001"/>
</testsuite> <!-- Test -->
