<?xml version="1.0" encoding="UTF-8"?>
<testng-results ignored="0" total="2" passed="2" failed="0" skipped="0">
  <reporter-output>
  </reporter-output>
  <suite started-at="2023-02-02T17:50:57 IST" name="Suite" finished-at="2023-02-02T17:51:18 IST" duration-ms="20898">
    <groups>
    </groups>
    <test started-at="2023-02-02T17:50:57 IST" name="Test1" finished-at="2023-02-02T17:51:16 IST" duration-ms="18906">
      <class name="seleniumGrid.Practice1">
        <test-method signature="demo()[pri:0, instance:seleniumGrid.Practice1@74e28667]" started-at="2023-02-02T17:50:57 IST" name="demo" finished-at="2023-02-02T17:51:16 IST" duration-ms="18798" status="PASS">
          <reporter-output>
          </reporter-output>
        </test-method> <!-- demo -->
      </class> <!-- seleniumGrid.Practice1 -->
    </test> <!-- Test1 -->
    <test started-at="2023-02-02T17:50:57 IST" name="Test2" finished-at="2023-02-02T17:51:18 IST" duration-ms="20898">
      <class name="seleniumGrid.Practice1">
        <test-method signature="demo()[pri:0, instance:seleniumGrid.Practice1@c430e6c]" started-at="2023-02-02T17:50:57 IST" name="demo" finished-at="2023-02-02T17:51:18 IST" duration-ms="20802" status="PASS">
          <reporter-output>
          </reporter-output>
        </test-method> <!-- demo -->
      </class> <!-- seleniumGrid.Practice1 -->
    </test> <!-- Test2 -->
  </suite> <!-- Suite -->
</testng-results>
